This is pdfTeX, Version 3.141592653-2.6-1.40.24 (MiKTeX 22.3) (preloaded format=pdflatex 2022.5.16)  18 MAY 2022 16:03
entering extended mode
 restricted \write18 enabled.
 %&-line parsing enabled.
**"./Group-2 AITMS Report.tex"
(Group-2 AITMS Report.tex
LaTeX2e <2021-11-15> patch level 1
L3 programming layer <2022-02-24>
(C:\Users\bright\AppData\Local\Programs\MiKTeX\tex/latex/base\report.cls
Document Class: report 2021/10/04 v1.4n Standard LaTeX document class
(C:\Users\bright\AppData\Local\Programs\MiKTeX\tex/latex/base\size12.clo
File: size12.clo 2021/10/04 v1.4n Standard LaTeX file (size option)
)
\c@part=\count185
\c@chapter=\count186
\c@section=\count187
\c@subsection=\count188
\c@subsubsection=\count189
\c@paragraph=\count190
\c@subparagraph=\count191
\c@figure=\count192
\c@table=\count193
\abovecaptionskip=\skip47
\belowcaptionskip=\skip48
\bibindent=\dimen138
)
(C:\Users\bright\AppData\Local\Programs\MiKTeX\tex/latex/graphics\graphics.sty
Package: graphics 2021/03/04 v1.4d Standard LaTeX Graphics (DPC,SPQR)

(C:\Users\bright\AppData\Local\Programs\MiKTeX\tex/latex/graphics\trig.sty
Package: trig 2021/08/11 v1.11 sin cos tan (DPC)
)
(C:\Users\bright\AppData\Local\Programs\MiKTeX\tex/latex/graphics-cfg\graphics.
cfg
File: graphics.cfg 2016/06/04 v1.11 sample graphics configuration
)
Package graphics Info: Driver file: pdftex.def on input line 107.

(C:\Users\bright\AppData\Local\Programs\MiKTeX\tex/latex/graphics-def\pdftex.de
f
File: pdftex.def 2020/10/05 v1.2a Graphics/color driver for pdftex
))
(C:\Users\bright\AppData\Local\Programs\MiKTeX\tex/latex/todonotes\todonotes.st
y
Package: todonotes 2021/06/04 v1.1.5 Todonotes source and documentation.
Package: todonotes 2021/06/04
 (C:\Users\bright\AppData\Local\Programs\MiKTeX\tex/latex/base\ifthen.sty
Package: ifthen 2020/11/24 v1.1c Standard LaTeX ifthen package (DPC)
)
(C:\Users\bright\AppData\Local\Programs\MiKTeX\tex/latex/xkeyval\xkeyval.sty
Package: xkeyval 2020/11/20 v2.8 package option processing (HA)

(C:\Users\bright\AppData\Local\Programs\MiKTeX\tex/generic/xkeyval\xkeyval.tex
(C:\Users\bright\AppData\Local\Programs\MiKTeX\tex/generic/xkeyval\xkvutils.tex
\XKV@toks=\toks16
\XKV@tempa@toks=\toks17
(C:\Users\bright\AppData\Local\Programs\MiKTeX\tex/generic/xkeyval\keyval.tex))
\XKV@depth=\count194
File: xkeyval.tex 2014/12/03 v2.7a key=value parser (HA)
)) (C:\Users\bright\AppData\Local\Programs\MiKTeX\tex/latex/xcolor\xcolor.sty
Package: xcolor 2021/10/31 v2.13 LaTeX color extensions (UK)

(C:\Users\bright\AppData\Local\Programs\MiKTeX\tex/latex/graphics-cfg\color.cfg
File: color.cfg 2016/01/02 v1.6 sample color configuration
)
Package xcolor Info: Driver file: pdftex.def on input line 227.
Package xcolor Info: Model `cmy' substituted by `cmy0' on input line 1352.
Package xcolor Info: Model `hsb' substituted by `rgb' on input line 1356.
Package xcolor Info: Model `RGB' extended on input line 1368.
Package xcolor Info: Model `HTML' substituted by `rgb' on input line 1370.
Package xcolor Info: Model `Hsb' substituted by `hsb' on input line 1371.
Package xcolor Info: Model `tHsb' substituted by `hsb' on input line 1372.
Package xcolor Info: Model `HSB' substituted by `hsb' on input line 1373.
Package xcolor Info: Model `Gray' substituted by `gray' on input line 1374.
Package xcolor Info: Model `wave' substituted by `hsb' on input line 1375.
)
(C:\Users\bright\AppData\Local\Programs\MiKTeX\tex/latex/pgf/frontendlayer\tikz
.sty
(C:\Users\bright\AppData\Local\Programs\MiKTeX\tex/latex/pgf/basiclayer\pgf.sty

(C:\Users\bright\AppData\Local\Programs\MiKTeX\tex/latex/pgf/utilities\pgfrcs.s
ty
(C:\Users\bright\AppData\Local\Programs\MiKTeX\tex/generic/pgf/utilities\pgfuti
l-common.tex
\pgfutil@everybye=\toks18
\pgfutil@tempdima=\dimen139
\pgfutil@tempdimb=\dimen140

(C:\Users\bright\AppData\Local\Programs\MiKTeX\tex/generic/pgf/utilities\pgfuti
l-common-lists.tex))
(C:\Users\bright\AppData\Local\Programs\MiKTeX\tex/generic/pgf/utilities\pgfuti
l-latex.def
\pgfutil@abb=\box50
)
(C:\Users\bright\AppData\Local\Programs\MiKTeX\tex/generic/pgf/utilities\pgfrcs
.code.tex
(C:\Users\bright\AppData\Local\Programs\MiKTeX\tex/generic/pgf\pgf.revision.tex
)
Package: pgfrcs 2021/05/15 v3.1.9a (3.1.9a)
))
Package: pgf 2021/05/15 v3.1.9a (3.1.9a)

(C:\Users\bright\AppData\Local\Programs\MiKTeX\tex/latex/pgf/basiclayer\pgfcore
.sty
(C:\Users\bright\AppData\Local\Programs\MiKTeX\tex/latex/graphics\graphicx.sty
Package: graphicx 2021/09/16 v1.2d Enhanced LaTeX Graphics (DPC,SPQR)
\Gin@req@height=\dimen141
\Gin@req@width=\dimen142
)
(C:\Users\bright\AppData\Local\Programs\MiKTeX\tex/latex/pgf/systemlayer\pgfsys
.sty
(C:\Users\bright\AppData\Local\Programs\MiKTeX\tex/generic/pgf/systemlayer\pgfs
ys.code.tex
Package: pgfsys 2021/05/15 v3.1.9a (3.1.9a)

(C:\Users\bright\AppData\Local\Programs\MiKTeX\tex/generic/pgf/utilities\pgfkey
s.code.tex
\pgfkeys@pathtoks=\toks19
\pgfkeys@temptoks=\toks20

(C:\Users\bright\AppData\Local\Programs\MiKTeX\tex/generic/pgf/utilities\pgfkey
sfiltered.code.tex
\pgfkeys@tmptoks=\toks21
))
\pgf@x=\dimen143
\pgf@y=\dimen144
\pgf@xa=\dimen145
\pgf@ya=\dimen146
\pgf@xb=\dimen147
\pgf@yb=\dimen148
\pgf@xc=\dimen149
\pgf@yc=\dimen150
\pgf@xd=\dimen151
\pgf@yd=\dimen152
\w@pgf@writea=\write3
\r@pgf@reada=\read2
\c@pgf@counta=\count195
\c@pgf@countb=\count196
\c@pgf@countc=\count197
\c@pgf@countd=\count198
\t@pgf@toka=\toks22
\t@pgf@tokb=\toks23
\t@pgf@tokc=\toks24
\pgf@sys@id@count=\count199

(C:\Users\bright\AppData\Local\Programs\MiKTeX\tex/generic/pgf/systemlayer\pgf.
cfg
File: pgf.cfg 2021/05/15 v3.1.9a (3.1.9a)
)
Driver file for pgf: pgfsys-pdftex.def

(C:\Users\bright\AppData\Local\Programs\MiKTeX\tex/generic/pgf/systemlayer\pgfs
ys-pdftex.def
File: pgfsys-pdftex.def 2021/05/15 v3.1.9a (3.1.9a)

(C:\Users\bright\AppData\Local\Programs\MiKTeX\tex/generic/pgf/systemlayer\pgfs
ys-common-pdf.def
File: pgfsys-common-pdf.def 2021/05/15 v3.1.9a (3.1.9a)
)))
(C:\Users\bright\AppData\Local\Programs\MiKTeX\tex/generic/pgf/systemlayer\pgfs
yssoftpath.code.tex
File: pgfsyssoftpath.code.tex 2021/05/15 v3.1.9a (3.1.9a)
\pgfsyssoftpath@smallbuffer@items=\count266
\pgfsyssoftpath@bigbuffer@items=\count267
)
(C:\Users\bright\AppData\Local\Programs\MiKTeX\tex/generic/pgf/systemlayer\pgfs
ysprotocol.code.tex
File: pgfsysprotocol.code.tex 2021/05/15 v3.1.9a (3.1.9a)
))
(C:\Users\bright\AppData\Local\Programs\MiKTeX\tex/generic/pgf/basiclayer\pgfco
re.code.tex
Package: pgfcore 2021/05/15 v3.1.9a (3.1.9a)

(C:\Users\bright\AppData\Local\Programs\MiKTeX\tex/generic/pgf/math\pgfmath.cod
e.tex
(C:\Users\bright\AppData\Local\Programs\MiKTeX\tex/generic/pgf/math\pgfmathcalc
.code.tex
(C:\Users\bright\AppData\Local\Programs\MiKTeX\tex/generic/pgf/math\pgfmathutil
.code.tex)
(C:\Users\bright\AppData\Local\Programs\MiKTeX\tex/generic/pgf/math\pgfmathpars
er.code.tex
\pgfmath@dimen=\dimen153
\pgfmath@count=\count268
\pgfmath@box=\box51
\pgfmath@toks=\toks25
\pgfmath@stack@operand=\toks26
\pgfmath@stack@operation=\toks27
)
(C:\Users\bright\AppData\Local\Programs\MiKTeX\tex/generic/pgf/math\pgfmathfunc
tions.code.tex
(C:\Users\bright\AppData\Local\Programs\MiKTeX\tex/generic/pgf/math\pgfmathfunc
tions.basic.code.tex)
(C:\Users\bright\AppData\Local\Programs\MiKTeX\tex/generic/pgf/math\pgfmathfunc
tions.trigonometric.code.tex)
(C:\Users\bright\AppData\Local\Programs\MiKTeX\tex/generic/pgf/math\pgfmathfunc
tions.random.code.tex)
(C:\Users\bright\AppData\Local\Programs\MiKTeX\tex/generic/pgf/math\pgfmathfunc
tions.comparison.code.tex)
(C:\Users\bright\AppData\Local\Programs\MiKTeX\tex/generic/pgf/math\pgfmathfunc
tions.base.code.tex)
(C:\Users\bright\AppData\Local\Programs\MiKTeX\tex/generic/pgf/math\pgfmathfunc
tions.round.code.tex)
(C:\Users\bright\AppData\Local\Programs\MiKTeX\tex/generic/pgf/math\pgfmathfunc
tions.misc.code.tex)
(C:\Users\bright\AppData\Local\Programs\MiKTeX\tex/generic/pgf/math\pgfmathfunc
tions.integerarithmetics.code.tex)))
(C:\Users\bright\AppData\Local\Programs\MiKTeX\tex/generic/pgf/math\pgfmathfloa
t.code.tex
\c@pgfmathroundto@lastzeros=\count269
))
(C:\Users\bright\AppData\Local\Programs\MiKTeX\tex/generic/pgf/math\pgfint.code
.tex)
(C:\Users\bright\AppData\Local\Programs\MiKTeX\tex/generic/pgf/basiclayer\pgfco
repoints.code.tex
File: pgfcorepoints.code.tex 2021/05/15 v3.1.9a (3.1.9a)
\pgf@picminx=\dimen154
\pgf@picmaxx=\dimen155
\pgf@picminy=\dimen156
\pgf@picmaxy=\dimen157
\pgf@pathminx=\dimen158
\pgf@pathmaxx=\dimen159
\pgf@pathminy=\dimen160
\pgf@pathmaxy=\dimen161
\pgf@xx=\dimen162
\pgf@xy=\dimen163
\pgf@yx=\dimen164
\pgf@yy=\dimen165
\pgf@zx=\dimen166
\pgf@zy=\dimen167
)
(C:\Users\bright\AppData\Local\Programs\MiKTeX\tex/generic/pgf/basiclayer\pgfco
repathconstruct.code.tex
File: pgfcorepathconstruct.code.tex 2021/05/15 v3.1.9a (3.1.9a)
\pgf@path@lastx=\dimen168
\pgf@path@lasty=\dimen169
)
(C:\Users\bright\AppData\Local\Programs\MiKTeX\tex/generic/pgf/basiclayer\pgfco
repathusage.code.tex
File: pgfcorepathusage.code.tex 2021/05/15 v3.1.9a (3.1.9a)
\pgf@shorten@end@additional=\dimen170
\pgf@shorten@start@additional=\dimen171
)
(C:\Users\bright\AppData\Local\Programs\MiKTeX\tex/generic/pgf/basiclayer\pgfco
rescopes.code.tex
File: pgfcorescopes.code.tex 2021/05/15 v3.1.9a (3.1.9a)
\pgfpic=\box52
\pgf@hbox=\box53
\pgf@layerbox@main=\box54
\pgf@picture@serial@count=\count270
)
(C:\Users\bright\AppData\Local\Programs\MiKTeX\tex/generic/pgf/basiclayer\pgfco
regraphicstate.code.tex
File: pgfcoregraphicstate.code.tex 2021/05/15 v3.1.9a (3.1.9a)
\pgflinewidth=\dimen172
)
(C:\Users\bright\AppData\Local\Programs\MiKTeX\tex/generic/pgf/basiclayer\pgfco
retransformations.code.tex
File: pgfcoretransformations.code.tex 2021/05/15 v3.1.9a (3.1.9a)
\pgf@pt@x=\dimen173
\pgf@pt@y=\dimen174
\pgf@pt@temp=\dimen175
)
(C:\Users\bright\AppData\Local\Programs\MiKTeX\tex/generic/pgf/basiclayer\pgfco
requick.code.tex
File: pgfcorequick.code.tex 2021/05/15 v3.1.9a (3.1.9a)
)
(C:\Users\bright\AppData\Local\Programs\MiKTeX\tex/generic/pgf/basiclayer\pgfco
reobjects.code.tex
File: pgfcoreobjects.code.tex 2021/05/15 v3.1.9a (3.1.9a)
)
(C:\Users\bright\AppData\Local\Programs\MiKTeX\tex/generic/pgf/basiclayer\pgfco
repathprocessing.code.tex
File: pgfcorepathprocessing.code.tex 2021/05/15 v3.1.9a (3.1.9a)
)
(C:\Users\bright\AppData\Local\Programs\MiKTeX\tex/generic/pgf/basiclayer\pgfco
rearrows.code.tex
File: pgfcorearrows.code.tex 2021/05/15 v3.1.9a (3.1.9a)
\pgfarrowsep=\dimen176
)
(C:\Users\bright\AppData\Local\Programs\MiKTeX\tex/generic/pgf/basiclayer\pgfco
reshade.code.tex
File: pgfcoreshade.code.tex 2021/05/15 v3.1.9a (3.1.9a)
\pgf@max=\dimen177
\pgf@sys@shading@range@num=\count271
\pgf@shadingcount=\count272
)
(C:\Users\bright\AppData\Local\Programs\MiKTeX\tex/generic/pgf/basiclayer\pgfco
reimage.code.tex
File: pgfcoreimage.code.tex 2021/05/15 v3.1.9a (3.1.9a)

(C:\Users\bright\AppData\Local\Programs\MiKTeX\tex/generic/pgf/basiclayer\pgfco
reexternal.code.tex
File: pgfcoreexternal.code.tex 2021/05/15 v3.1.9a (3.1.9a)
\pgfexternal@startupbox=\box55
))
(C:\Users\bright\AppData\Local\Programs\MiKTeX\tex/generic/pgf/basiclayer\pgfco
relayers.code.tex
File: pgfcorelayers.code.tex 2021/05/15 v3.1.9a (3.1.9a)
)
(C:\Users\bright\AppData\Local\Programs\MiKTeX\tex/generic/pgf/basiclayer\pgfco
retransparency.code.tex
File: pgfcoretransparency.code.tex 2021/05/15 v3.1.9a (3.1.9a)
)
(C:\Users\bright\AppData\Local\Programs\MiKTeX\tex/generic/pgf/basiclayer\pgfco
repatterns.code.tex
File: pgfcorepatterns.code.tex 2021/05/15 v3.1.9a (3.1.9a)
)
(C:\Users\bright\AppData\Local\Programs\MiKTeX\tex/generic/pgf/basiclayer\pgfco
rerdf.code.tex
File: pgfcorerdf.code.tex 2021/05/15 v3.1.9a (3.1.9a)
)))
(C:\Users\bright\AppData\Local\Programs\MiKTeX\tex/generic/pgf/modules\pgfmodul
eshapes.code.tex
File: pgfmoduleshapes.code.tex 2021/05/15 v3.1.9a (3.1.9a)
\pgfnodeparttextbox=\box56
)
(C:\Users\bright\AppData\Local\Programs\MiKTeX\tex/generic/pgf/modules\pgfmodul
eplot.code.tex
File: pgfmoduleplot.code.tex 2021/05/15 v3.1.9a (3.1.9a)
)
(C:\Users\bright\AppData\Local\Programs\MiKTeX\tex/latex/pgf/compatibility\pgfc
omp-version-0-65.sty
Package: pgfcomp-version-0-65 2021/05/15 v3.1.9a (3.1.9a)
\pgf@nodesepstart=\dimen178
\pgf@nodesepend=\dimen179
)
(C:\Users\bright\AppData\Local\Programs\MiKTeX\tex/latex/pgf/compatibility\pgfc
omp-version-1-18.sty
Package: pgfcomp-version-1-18 2021/05/15 v3.1.9a (3.1.9a)
))
(C:\Users\bright\AppData\Local\Programs\MiKTeX\tex/latex/pgf/utilities\pgffor.s
ty
(C:\Users\bright\AppData\Local\Programs\MiKTeX\tex/latex/pgf/utilities\pgfkeys.
sty
(C:\Users\bright\AppData\Local\Programs\MiKTeX\tex/generic/pgf/utilities\pgfkey
s.code.tex))
(C:\Users\bright\AppData\Local\Programs\MiKTeX\tex/latex/pgf/math\pgfmath.sty
(C:\Users\bright\AppData\Local\Programs\MiKTeX\tex/generic/pgf/math\pgfmath.cod
e.tex))
(C:\Users\bright\AppData\Local\Programs\MiKTeX\tex/generic/pgf/utilities\pgffor
.code.tex
Package: pgffor 2021/05/15 v3.1.9a (3.1.9a)

(C:\Users\bright\AppData\Local\Programs\MiKTeX\tex/generic/pgf/math\pgfmath.cod
e.tex)
\pgffor@iter=\dimen180
\pgffor@skip=\dimen181
\pgffor@stack=\toks28
\pgffor@toks=\toks29
))
(C:\Users\bright\AppData\Local\Programs\MiKTeX\tex/generic/pgf/frontendlayer/ti
kz\tikz.code.tex
Package: tikz 2021/05/15 v3.1.9a (3.1.9a)

(C:\Users\bright\AppData\Local\Programs\MiKTeX\tex/generic/pgf/libraries\pgflib
raryplothandlers.code.tex
File: pgflibraryplothandlers.code.tex 2021/05/15 v3.1.9a (3.1.9a)
\pgf@plot@mark@count=\count273
\pgfplotmarksize=\dimen182
)
\tikz@lastx=\dimen183
\tikz@lasty=\dimen184
\tikz@lastxsaved=\dimen185
\tikz@lastysaved=\dimen186
\tikz@lastmovetox=\dimen187
\tikz@lastmovetoy=\dimen188
\tikzleveldistance=\dimen189
\tikzsiblingdistance=\dimen190
\tikz@figbox=\box57
\tikz@figbox@bg=\box58
\tikz@tempbox=\box59
\tikz@tempbox@bg=\box60
\tikztreelevel=\count274
\tikznumberofchildren=\count275
\tikznumberofcurrentchild=\count276
\tikz@fig@count=\count277

(C:\Users\bright\AppData\Local\Programs\MiKTeX\tex/generic/pgf/modules\pgfmodul
ematrix.code.tex
File: pgfmodulematrix.code.tex 2021/05/15 v3.1.9a (3.1.9a)
\pgfmatrixcurrentrow=\count278
\pgfmatrixcurrentcolumn=\count279
\pgf@matrix@numberofcolumns=\count280
)
\tikz@expandcount=\count281

(C:\Users\bright\AppData\Local\Programs\MiKTeX\tex/generic/pgf/frontendlayer/ti
kz/libraries\tikzlibrarytopaths.code.tex
File: tikzlibrarytopaths.code.tex 2021/05/15 v3.1.9a (3.1.9a)
)))
(C:\Users\bright\AppData\Local\Programs\MiKTeX\tex/generic/pgf/frontendlayer/ti
kz/libraries\tikzlibrarypositioning.code.tex
File: tikzlibrarypositioning.code.tex 2021/05/15 v3.1.9a (3.1.9a)
)
(C:\Users\bright\AppData\Local\Programs\MiKTeX\tex/latex/tools\calc.sty
Package: calc 2017/05/25 v4.3 Infix arithmetic (KKT,FJ)
\calc@Acount=\count282
\calc@Bcount=\count283
\calc@Adimen=\dimen191
\calc@Bdimen=\dimen192
\calc@Askip=\skip49
\calc@Bskip=\skip50
LaTeX Info: Redefining \setlength on input line 80.
LaTeX Info: Redefining \addtolength on input line 81.
\calc@Ccount=\count284
\calc@Cskip=\skip51
)
\c@@todonotes@numberoftodonotes=\count285
)
(C:\Users\bright\AppData\Local\Programs\MiKTeX\tex/latex/comment\comment.sty
\CommentStream=\write4

Excluding comment 'comment')
(C:\Users\bright\AppData\Local\Programs\MiKTeX\tex/latex/hyperref\hyperref.sty
Package: hyperref 2022-02-21 v7.00n Hypertext links for LaTeX

(C:\Users\bright\AppData\Local\Programs\MiKTeX\tex/generic/ltxcmds\ltxcmds.sty
Package: ltxcmds 2020-05-10 v1.25 LaTeX kernel commands for general use (HO)
) (C:\Users\bright\AppData\Local\Programs\MiKTeX\tex/generic/iftex\iftex.sty
Package: iftex 2022/02/03 v1.0f TeX engine tests
)
(C:\Users\bright\AppData\Local\Programs\MiKTeX\tex/generic/pdftexcmds\pdftexcmd
s.sty
Package: pdftexcmds 2020-06-27 v0.33 Utility functions of pdfTeX for LuaTeX (HO
)

(C:\Users\bright\AppData\Local\Programs\MiKTeX\tex/generic/infwarerr\infwarerr.
sty
Package: infwarerr 2019/12/03 v1.5 Providing info/warning/error messages (HO)
)
Package pdftexcmds Info: \pdf@primitive is available.
Package pdftexcmds Info: \pdf@ifprimitive is available.
Package pdftexcmds Info: \pdfdraftmode found.
)
(C:\Users\bright\AppData\Local\Programs\MiKTeX\tex/generic/kvsetkeys\kvsetkeys.
sty
Package: kvsetkeys 2019/12/15 v1.18 Key value parser (HO)
)
(C:\Users\bright\AppData\Local\Programs\MiKTeX\tex/generic/kvdefinekeys\kvdefin
ekeys.sty
Package: kvdefinekeys 2019-12-19 v1.6 Define keys (HO)
)
(C:\Users\bright\AppData\Local\Programs\MiKTeX\tex/generic/pdfescape\pdfescape.
sty
Package: pdfescape 2019/12/09 v1.15 Implements pdfTeX's escape features (HO)
)
(C:\Users\bright\AppData\Local\Programs\MiKTeX\tex/latex/hycolor\hycolor.sty
Package: hycolor 2020-01-27 v1.10 Color options for hyperref/bookmark (HO)
)
(C:\Users\bright\AppData\Local\Programs\MiKTeX\tex/latex/letltxmacro\letltxmacr
o.sty
Package: letltxmacro 2019/12/03 v1.6 Let assignment for LaTeX macros (HO)
)
(C:\Users\bright\AppData\Local\Programs\MiKTeX\tex/latex/auxhook\auxhook.sty
Package: auxhook 2019-12-17 v1.6 Hooks for auxiliary files (HO)
)
(C:\Users\bright\AppData\Local\Programs\MiKTeX\tex/latex/kvoptions\kvoptions.st
y
Package: kvoptions 2020-10-07 v3.14 Key value format for package options (HO)
)
\@linkdim=\dimen193
\Hy@linkcounter=\count286
\Hy@pagecounter=\count287
 (C:\Users\bright\AppData\Local\Programs\MiKTeX\tex/latex/hyperref\pd1enc.def
File: pd1enc.def 2022-02-21 v7.00n Hyperref: PDFDocEncoding definition (HO)
Now handling font encoding PD1 ...
... no UTF-8 mapping file for font encoding PD1
)
(C:\Users\bright\AppData\Local\Programs\MiKTeX\tex/generic/intcalc\intcalc.sty
Package: intcalc 2019/12/15 v1.3 Expandable calculations with integers (HO)
)
(C:\Users\bright\AppData\Local\Programs\MiKTeX\tex/generic/etexcmds\etexcmds.st
y
Package: etexcmds 2019/12/15 v1.7 Avoid name clashes with e-TeX commands (HO)
)
\Hy@SavedSpaceFactor=\count288
 (C:\Users\bright\AppData\Local\Programs\MiKTeX\tex/latex/hyperref\puenc.def
File: puenc.def 2022-02-21 v7.00n Hyperref: PDF Unicode definition (HO)
Now handling font encoding PU ...
... no UTF-8 mapping file for font encoding PU
)
Package hyperref Info: Hyper figures OFF on input line 4137.
Package hyperref Info: Link nesting OFF on input line 4142.
Package hyperref Info: Hyper index ON on input line 4145.
Package hyperref Info: Plain pages OFF on input line 4152.
Package hyperref Info: Backreferencing OFF on input line 4157.
Package hyperref Info: Implicit mode ON; LaTeX internals redefined.
Package hyperref Info: Bookmarks ON on input line 4390.
\c@Hy@tempcnt=\count289
(C:\Users\bright\AppData\Local\Programs\MiKTeX\tex/latex/url\url.sty
\Urlmuskip=\muskip16
Package: url 2013/09/16  ver 3.4  Verb mode for urls, etc.
)
LaTeX Info: Redefining \url on input line 4749.
\XeTeXLinkMargin=\dimen194

(C:\Users\bright\AppData\Local\Programs\MiKTeX\tex/generic/bitset\bitset.sty
Package: bitset 2019/12/09 v1.3 Handle bit-vector datatype (HO)

(C:\Users\bright\AppData\Local\Programs\MiKTeX\tex/generic/bigintcalc\bigintcal
c.sty
Package: bigintcalc 2019/12/15 v1.5 Expandable calculations on big integers (HO
)
))
\Fld@menulength=\count290
\Field@Width=\dimen195
\Fld@charsize=\dimen196
Package hyperref Info: Hyper figures OFF on input line 6027.
Package hyperref Info: Link nesting OFF on input line 6032.
Package hyperref Info: Hyper index ON on input line 6035.
Package hyperref Info: backreferencing OFF on input line 6042.
Package hyperref Info: Link coloring OFF on input line 6047.
Package hyperref Info: Link coloring with OCG OFF on input line 6052.
Package hyperref Info: PDF/A mode OFF on input line 6057.
LaTeX Info: Redefining \ref on input line 6097.
LaTeX Info: Redefining \pageref on input line 6101.

(C:\Users\bright\AppData\Local\Programs\MiKTeX\tex/latex/base\atbegshi-ltx.sty
Package: atbegshi-ltx 2021/01/10 v1.0c Emulation of the original atbegshi
package with kernel methods
)
\Hy@abspage=\count291
\c@Item=\count292
\c@Hfootnote=\count293
)
Package hyperref Info: Driver (autodetected): hpdftex.
 (C:\Users\bright\AppData\Local\Programs\MiKTeX\tex/latex/hyperref\hpdftex.def
File: hpdftex.def 2022-02-21 v7.00n Hyperref driver for pdfTeX

(C:\Users\bright\AppData\Local\Programs\MiKTeX\tex/latex/base\atveryend-ltx.sty
Package: atveryend-ltx 2020/08/19 v1.0a Emulation of the original atveryend pac
kage
with kernel methods
)
\Fld@listcount=\count294
\c@bookmark@seq@number=\count295

(C:\Users\bright\AppData\Local\Programs\MiKTeX\tex/latex/rerunfilecheck\rerunfi
lecheck.sty
Package: rerunfilecheck 2019/12/05 v1.9 Rerun checks for auxiliary files (HO)

(C:\Users\bright\AppData\Local\Programs\MiKTeX\tex/generic/uniquecounter\unique
counter.sty
Package: uniquecounter 2019/12/15 v1.4 Provide unlimited unique counter (HO)
)
Package uniquecounter Info: New unique counter `rerunfilecheck' on input line 2
86.
)
\Hy@SectionHShift=\skip52
) (lastpage.sty
Package: lastpage 1994/06/25 v0.1b LaTeX2e package for refs to last page number
 (JPG)
) (fancyheadings.sty
\headrulewidth=\dimen197
\footrulewidth=\dimen198
\plainheadrulewidth=\dimen199
\plainfootrulewidth=\dimen256
\headwidth=\dimen257
)
(C:\Users\bright\AppData\Local\Programs\MiKTeX\tex/latex/graphics\epsfig.sty
Package: epsfig 2017/06/25 v1.7b (e)psfig emulation (SPQR)
\epsfxsize=\dimen258
\epsfysize=\dimen259
)
(C:\Users\bright\AppData\Local\Programs\MiKTeX\tex/latex/float\float.sty
Package: float 2001/11/08 v1.3d Float enhancements (AL)
\c@float@type=\count296
\float@exts=\toks30
\float@box=\box61
\@float@everytoks=\toks31
\@floatcapt=\box62
)
(C:\Users\bright\AppData\Local\Programs\MiKTeX\tex/latex/tools\array.sty
Package: array 2021/10/04 v2.5f Tabular extension package (FMi)
\col@sep=\dimen260
\ar@mcellbox=\box63
\extrarowheight=\dimen261
\NC@list=\toks32
\extratabsurround=\skip53
\backup@length=\skip54
\ar@cellbox=\box64
)
(C:\Users\bright\AppData\Local\Programs\MiKTeX\tex/latex/tools\longtable.sty
Package: longtable 2021-09-01 v4.17 Multi-page Table package (DPC)
\LTleft=\skip55
\LTright=\skip56
\LTpre=\skip57
\LTpost=\skip58
\LTchunksize=\count297
\LTcapwidth=\dimen262
\LT@head=\box65
\LT@firsthead=\box66
\LT@foot=\box67
\LT@lastfoot=\box68
\LT@gbox=\box69
\LT@cols=\count298
\LT@rows=\count299
\c@LT@tables=\count300
\c@LT@chunks=\count301
\LT@p@ftn=\toks33
)
(C:\Users\bright\AppData\Local\Programs\MiKTeX\tex/latex/l3backend\l3backend-pd
ftex.def
File: l3backend-pdftex.def 2022-02-07 L3 backend support: PDF output (pdfTeX)
\l__color_backend_stack_int=\count302
\l__pdf_internal_box=\box70
) (Group-2 AITMS Report.aux

LaTeX Warning: Label `atcres' multiply defined.


LaTeX Warning: Label `tab:nnwork' multiply defined.


LaTeX Warning: Label `tab:nnwork' multiply defined.

)
\openout1 = `"Group-2 AITMS Report.aux"'.

LaTeX Font Info:    Checking defaults for OML/cmm/m/it on input line 45.
LaTeX Font Info:    ... okay on input line 45.
LaTeX Font Info:    Checking defaults for OMS/cmsy/m/n on input line 45.
LaTeX Font Info:    ... okay on input line 45.
LaTeX Font Info:    Checking defaults for OT1/cmr/m/n on input line 45.
LaTeX Font Info:    ... okay on input line 45.
LaTeX Font Info:    Checking defaults for T1/cmr/m/n on input line 45.
LaTeX Font Info:    ... okay on input line 45.
LaTeX Font Info:    Checking defaults for TS1/cmr/m/n on input line 45.
LaTeX Font Info:    ... okay on input line 45.
LaTeX Font Info:    Checking defaults for OMX/cmex/m/n on input line 45.
LaTeX Font Info:    ... okay on input line 45.
LaTeX Font Info:    Checking defaults for U/cmr/m/n on input line 45.
LaTeX Font Info:    ... okay on input line 45.
LaTeX Font Info:    Checking defaults for PD1/pdf/m/n on input line 45.
LaTeX Font Info:    ... okay on input line 45.
LaTeX Font Info:    Checking defaults for PU/pdf/m/n on input line 45.
LaTeX Font Info:    ... okay on input line 45.

(C:\Users\bright\AppData\Local\Programs\MiKTeX\tex/context/base/mkii\supp-pdf.m
kii
[Loading MPS to PDF converter (version 2006.09.02).]
\scratchcounter=\count303
\scratchdimen=\dimen263
\scratchbox=\box71
\nofMPsegments=\count304
\nofMParguments=\count305
\everyMPshowfont=\toks34
\MPscratchCnt=\count306
\MPscratchDim=\dimen264
\MPnumerator=\count307
\makeMPintoPDFobject=\count308
\everyMPtoPDFconversion=\toks35
)
(C:\Users\bright\AppData\Local\Programs\MiKTeX\tex/latex/epstopdf-pkg\epstopdf-
base.sty
Package: epstopdf-base 2020-01-24 v2.11 Base part for package epstopdf
Package epstopdf-base Info: Redefining graphics rule for `.eps' on input line 4
85.

(C:\Users\bright\AppData\Local\Programs\MiKTeX\tex/latex/00miktex\epstopdf-sys.
cfg
File: epstopdf-sys.cfg 2021/03/18 v2.0 Configuration of epstopdf for MiKTeX
))

Package todonotes Warning: The length marginparwidth is less than 2cm and will 
most likely cause issues with the appearance of inserted todonotes. The issue c
an be solved by adding a line like \setlength {\marginparwidth }{2cm} prior to 
loading the todonotes package. on input line 45.

Package hyperref Info: Link coloring OFF on input line 45.
(C:\Users\bright\AppData\Local\Programs\MiKTeX\tex/latex/hyperref\nameref.sty
Package: nameref 2021-04-02 v2.47 Cross-referencing by name of section

(C:\Users\bright\AppData\Local\Programs\MiKTeX\tex/latex/refcount\refcount.sty
Package: refcount 2019/12/15 v3.6 Data extraction from label references (HO)
)
(C:\Users\bright\AppData\Local\Programs\MiKTeX\tex/generic/gettitlestring\getti
tlestring.sty
Package: gettitlestring 2019/12/15 v1.6 Cleanup title references (HO)
)
\c@section@level=\count309
)
LaTeX Info: Redefining \ref on input line 45.
LaTeX Info: Redefining \pageref on input line 45.
LaTeX Info: Redefining \nameref on input line 45.
 (Group-2 AITMS Report.out) (Group-2 AITMS Report.out)
\@outlinefile=\write5
\openout5 = `"Group-2 AITMS Report.out"'.

Package epstopdf Info: Source file: <./metbkc.eps>
(epstopdf)                    date: 2022-05-16 16:11:21
(epstopdf)                    size: 5284753 bytes
(epstopdf)             Output file: <./metbkc-eps-converted-to.pdf>
(epstopdf)                    date: 2022-05-16 16:11:21
(epstopdf)                    size: 96212 bytes
(epstopdf)             Command: <miktex-epstopdf --outfile=./metbkc-eps-convert
ed-to.pdf ./metbkc.eps>
(epstopdf)             \includegraphics on input line 91.
Package epstopdf Info: Output file is already uptodate.


pdfTeX warning: pdflatex (file ./metbkc-eps-converted-to.pdf): PDF inclusion: f
ound PDF version <1.7>, but at most version <1.5> allowed
<./metbkc-eps-converted-to.pdf, id=214, 973.6375pt x 112.42pt>
File: ./metbkc-eps-converted-to.pdf Graphic file (type pdf)
<use ./metbkc-eps-converted-to.pdf>
Package pdftex.def Info: ./metbkc-eps-converted-to.pdf  used on input line 91.
(pdftex.def)             Requested size: 296.29788pt x 36.13466pt.
[1

{C:/Users/bright/AppData/Local/MiKTeX/fonts/map/pdftex/pdftex.map} <./metbkc-ep
s-converted-to.pdf>]
Package epstopdf Info: Source file: <./metbkc.eps>
(epstopdf)                    date: 2022-05-16 16:11:21
(epstopdf)                    size: 5284753 bytes
(epstopdf)             Output file: <./metbkc-eps-converted-to.pdf>
(epstopdf)                    date: 2022-05-16 16:11:21
(epstopdf)                    size: 96212 bytes
(epstopdf)             Command: <miktex-epstopdf --outfile=./metbkc-eps-convert
ed-to.pdf ./metbkc.eps>
(epstopdf)             \includegraphics on input line 107.
Package epstopdf Info: Output file is already uptodate.
File: ./metbkc-eps-converted-to.pdf Graphic file (type pdf)
<use ./metbkc-eps-converted-to.pdf>
Package pdftex.def Info: ./metbkc-eps-converted-to.pdf  used on input line 107.

(pdftex.def)             Requested size: 520.34865pt x 86.72662pt.

Underfull \hbox (badness 10000) in paragraph at lines 136--137

 []


pdfTeX warning (ext4): destination with the same identifier (name{page.1}) has 
been already used, duplicate ignored
<to be read again> 
                   \relax 
l.137 	\newpage
                \pagenumbering{Roman} [1]
Underfull \hbox (badness 10000) in paragraph at lines 141--142

 []


Underfull \hbox (badness 10000) in paragraph at lines 143--149

 []

[1

]
Underfull \hbox (badness 10000) in paragraph at lines 152--156

 []


Underfull \hbox (badness 10000) in paragraph at lines 152--156

 []

[2

] (Group-2 AITMS Report.toc
LaTeX Font Info:    Calculating math sizes for size <14> on input line 2.
LaTeX Font Info:    External font `cmex10' loaded for size
(Font)              <14> on input line 2.
LaTeX Font Info:    External font `cmex10' loaded for size
(Font)              <9.79996> on input line 2.
LaTeX Font Info:    External font `cmex10' loaded for size
(Font)              <7> on input line 2.

Overfull \hbox (8.60641pt too wide) in paragraph at lines 7--7
 [][] [][]\OT1/cmr/m/n/12 Smart Con-trol of Traf-fic Light Us-ing Ar-ti-fi-cial
 In-tel-li-gence, Mi-hir M. Gandhi, 
 []


Overfull \hbox (10.62721pt too wide) in paragraph at lines 8--8
 [][] [][]\OT1/cmr/m/n/12 Comparison of Cur-rent Prac-ti-cal Adap-tive Traf-fic
 Con-trol Sys-tems, Hongyun 
 []

[3

]
Overfull \vbox (2.49998pt too high) has occurred while \output is active []


[4])
\tf@toc=\write6
\openout6 = `"Group-2 AITMS Report.toc"'.


Overfull \vbox (2.49998pt too high) has occurred while \output is active []


[5] (Group-2 AITMS Report.lof)
\tf@lof=\write7
\openout7 = `"Group-2 AITMS Report.lof"'.

 [6

] (Group-2 AITMS Report.lot)
\tf@lot=\write8
\openout8 = `"Group-2 AITMS Report.lot"'.

 [7

]
Chapter 1.

Underfull \hbox (badness 10000) in paragraph at lines 170--171

 []


pdfTeX warning (ext4): destination with the same identifier (name{page.1}) has 
been already used, duplicate ignored
<to be read again> 
                   \relax 
l.178 	
        [1

]
Underfull \hbox (badness 10000) in paragraph at lines 179--180

 []


Underfull \hbox (badness 10000) in paragraph at lines 182--184

 []


Overfull \vbox (2.49998pt too high) has occurred while \output is active []


[2]
Chapter 2.

Package hyperref Warning: Token not allowed in a PDF string (Unicode):
(hyperref)                removing `\@ifnextchar' on input line 188.


Underfull \hbox (badness 10000) in paragraph at lines 189--190

 []


Package hyperref Warning: Token not allowed in a PDF string (Unicode):
(hyperref)                removing `\@ifnextchar' on input line 191.


Underfull \hbox (badness 10000) in paragraph at lines 192--193

 []

[3

]

Package hyperref Warning: Token not allowed in a PDF string (Unicode):
(hyperref)                removing `\@ifnextchar' on input line 194.


Underfull \hbox (badness 10000) in paragraph at lines 195--197

 []


Package hyperref Warning: Token not allowed in a PDF string (Unicode):
(hyperref)                removing `\@ifnextchar' on input line 198.


Overfull \hbox (3.17798pt too wide) in paragraph at lines 199--201
| \OT1/cmr/m/n/12 Ex-ist-ing Adap-tive Traf-fic Con-trol Sys-tems (ACTS) such a
s SCOOT, SCAT, OPAC,
 []


Underfull \hbox (badness 10000) in paragraph at lines 199--201

 []


Underfull \hbox (badness 10000) in paragraph at lines 203--204

 []


Overfull \vbox (2.49998pt too high) has occurred while \output is active []


[4]
Overfull \vbox (2.49998pt too high) has occurred while \output is active []


[5]
Chapter 3.

Underfull \hbox (badness 10000) in paragraph at lines 210--211

 []


Underfull \hbox (badness 10000) in paragraph at lines 213--214

 []


Underfull \hbox (badness 10000) in paragraph at lines 216--217

 []

[6

]
Underfull \hbox (badness 10000) in paragraph at lines 230--231

 []


Overfull \vbox (2.49998pt too high) has occurred while \output is active []


[7]
Chapter 4.
Excluding 'comment' comment. [8

]
LaTeX Font Info:    External font `cmex10' loaded for size
(Font)              <12> on input line 256.
LaTeX Font Info:    External font `cmex10' loaded for size
(Font)              <8> on input line 256.
LaTeX Font Info:    External font `cmex10' loaded for size
(Font)              <6> on input line 256.

Overfull \hbox (0.62624pt too wide) in paragraph at lines 257--257
[]|\OT1/cmr/bx/n/12 Phase| 
 []


Underfull \hbox (badness 4954) in paragraph at lines 257--257
[]|\OT1/cmr/bx/n/12 Group Mem-
 []


Underfull \hbox (badness 10000) in paragraph at lines 259--259
[]|\OT1/cmr/m/n/12 Functional Re-quire-ment
 []


Underfull \hbox (badness 1424) in paragraph at lines 261--261
[]|\OT1/cmr/m/n/12 Graph The-ory and Math
 []


Underfull \hbox (badness 10000) in paragraph at lines 266--266
[]|\OT1/cmr/m/n/12 Software Re-quire-ment
 []


Overfull \hbox (14.74149pt too wide) in paragraph at lines 256--268
 [][] 
 []


Overfull \vbox (2.49998pt too high) has occurred while \output is active []


[9
pdfTeX warning (ext4): destination with the same identifier (name{table.4.1}) h
as been already used, duplicate ignored
<argument> ...shipout:D \box_use:N \l_shipout_box 
                                                  \__shipout_drop_firstpage_...
l.280 		\newpage
                ]
Overfull \hbox (0.62624pt too wide) in paragraph at lines 284--284
[]|\OT1/cmr/bx/n/12 Phase| 
 []


Underfull \hbox (badness 4954) in paragraph at lines 284--284
[]|\OT1/cmr/bx/n/12 Group Mem-
 []


Underfull \hbox (badness 10000) in paragraph at lines 285--285
[]|\OT1/cmr/m/n/12 Defining Pro-gram-ming
 []


Underfull \hbox (badness 1163) in paragraph at lines 286--286
[]|\OT1/cmr/m/n/12 Development of Mile-stone
 []


Underfull \hbox (badness 1163) in paragraph at lines 287--287
[]|\OT1/cmr/m/n/12 Development of Mile-stone
 []


Underfull \hbox (badness 1163) in paragraph at lines 288--288
[]|\OT1/cmr/m/n/12 Development of Mile-stone
 []


Overfull \hbox (14.74149pt too wide) in paragraph at lines 283--293
[][]
 []


Underfull \hbox (badness 10000) in paragraph at lines 311--313

 []


Overfull \vbox (2.49998pt too high) has occurred while \output is active []


[10
pdfTeX warning (ext4): destination with the same identifier (name{table.4.2}) h
as been already used, duplicate ignored
<argument> ...shipout:D \box_use:N \l_shipout_box 
                                                  \__shipout_drop_firstpage_...
l.321 	\chapter
               {Design}]
Overfull \vbox (2.49998pt too high) has occurred while \output is active []


[11]
Chapter 5.

Underfull \hbox (badness 10000) in paragraph at lines 322--323

 []

[12

]
Underfull \hbox (badness 10000) in paragraph at lines 340--342

 []

LaTeX Font Info:    Trying to load font information for OMS+cmr on input line 3
44.
(C:\Users\bright\AppData\Local\Programs\MiKTeX\tex/latex/base\omscmr.fd
File: omscmr.fd 2019/12/16 v2.5j Standard LaTeX font definitions
)
LaTeX Font Info:    Font shape `OMS/cmr/m/n' in size <14> not available
(Font)              Font shape `OMS/cmsy/m/n' tried instead on input line 344.

Underfull \hbox (badness 10000) in paragraph at lines 344--345

 []


Overfull \vbox (2.49998pt too high) has occurred while \output is active []


[13]
Overfull \vbox (2.49998pt too high) has occurred while \output is active []


[14]
<./Diagrams/PNG/layered_architecture.png, id=417, 784.9325pt x 562.1pt>
File: ./Diagrams/PNG/layered_architecture.png Graphic file (type png)
<use ./Diagrams/PNG/layered_architecture.png>
Package pdftex.def Info: ./Diagrams/PNG/layered_architecture.png  used on input
 line 361.
(pdftex.def)             Requested size: 375.80515pt x 325.21199pt.

Underfull \hbox (badness 10000) in paragraph at lines 358--363

 []


Underfull \hbox (badness 10000) in paragraph at lines 365--366

 []


Underfull \hbox (badness 10000) in paragraph at lines 367--368

 []


Overfull \vbox (2.49998pt too high) has occurred while \output is active []


[15
pdfTeX warning (ext4): destination with the same identifier (name{figure.5.1}) 
has been already used, duplicate ignored
<argument> ...shipout:D \box_use:N \l_shipout_box 
                                                  \__shipout_drop_firstpage_...
l.370 		\item{
              Collecting CCTV footage and other data from physical intersect...
 <./Diagrams/PNG/layered_architecture.png>]
Underfull \hbox (badness 10000) in paragraph at lines 375--376

 []


Underfull \hbox (badness 10000) in paragraph at lines 377--378

 []

<./Diagrams/PNG/architecture.png, id=424, 1086.0575pt x 665.48625pt>
File: ./Diagrams/PNG/architecture.png Graphic file (type png)
<use ./Diagrams/PNG/architecture.png>
Package pdftex.def Info: ./Diagrams/PNG/architecture.png  used on input line 38
4.
(pdftex.def)             Requested size: 469.76312pt x 397.48732pt.

Overfull \hbox (18.07562pt too wide) in paragraph at lines 384--385
 [][] 
 []


Overfull \vbox (2.49998pt too high) has occurred while \output is active []


[16] Excluding 'comment' comment.
Underfull \hbox (badness 10000) in paragraph at lines 421--422

 []


Overfull \vbox (2.49998pt too high) has occurred while \output is active []


[17
pdfTeX warning (ext4): destination with the same identifier (name{figure.5.2}) 
has been already used, duplicate ignored
<argument> ...shipout:D \box_use:N \l_shipout_box 
                                                  \__shipout_drop_firstpage_...
l.422 	
        <./Diagrams/PNG/architecture.png>]
<./Diagrams/PNG/dfd0.png, id=435, 677.53125pt x 119.69719pt>
File: ./Diagrams/PNG/dfd0.png Graphic file (type png)
<use ./Diagrams/PNG/dfd0.png>
Package pdftex.def Info: ./Diagrams/PNG/dfd0.png  used on input line 425.
(pdftex.def)             Requested size: 491.45085pt x 108.40588pt.

Overfull \hbox (39.76335pt too wide) in paragraph at lines 425--426
 [][] 
 []

<./Diagrams/PNG/dfd1.png, id=436, 786.68906pt x 336.50719pt>
File: ./Diagrams/PNG/dfd1.png Graphic file (type png)
<use ./Diagrams/PNG/dfd1.png>
Package pdftex.def Info: ./Diagrams/PNG/dfd1.png  used on input line 431.
(pdftex.def)             Requested size: 491.45137pt x 166.21983pt.

Overfull \hbox (39.76387pt too wide) in paragraph at lines 431--432
 [][] 
 []


Overfull \vbox (2.49998pt too high) has occurred while \output is active []


[18
pdfTeX warning (ext4): destination with the same identifier (name{figure.5.3}) 
has been already used, duplicate ignored
<argument> ...shipout:D \box_use:N \l_shipout_box 
                                                  \__shipout_drop_firstpage_...
l.440 	\chapter
               {Modeling}
pdfTeX warning (ext4): destination with the same identifier (name{figure.5.4}) 
has been already used, duplicate ignored
<argument> ...shipout:D \box_use:N \l_shipout_box 
                                                  \__shipout_drop_firstpage_...
l.440 	\chapter
               {Modeling} <./Diagrams/PNG/dfd0.png> <./Diagrams/PNG/dfd1.png>]
Chapter 6.

Underfull \hbox (badness 10000) in paragraph at lines 445--447

 []

[19

]
<./Diagrams/PNG/uml2.jpg, id=445, 1369.115pt x 984.67876pt>
File: ./Diagrams/PNG/uml2.jpg Graphic file (type jpg)
<use ./Diagrams/PNG/uml2.jpg>
Package pdftex.def Info: ./Diagrams/PNG/uml2.jpg  used on input line 457.
(pdftex.def)             Requested size: 542.025pt x 389.83783pt.

Overfull \hbox (90.3375pt too wide) in paragraph at lines 457--458
 [][] 
 []

Excluding 'comment' comment.
Overfull \vbox (2.49998pt too high) has occurred while \output is active []


[20
pdfTeX warning (ext4): destination with the same identifier (name{figure.6.1}) 
has been already used, duplicate ignored
<argument> ...shipout:D \box_use:N \l_shipout_box 
                                                  \__shipout_drop_firstpage_...
l.467 	\newpage
                <./Diagrams/PNG/uml2.jpg>] Excluding 'comment' comment.
<./Diagrams/PNG/flow.png, id=450, 222.8325pt x 533.74406pt>
File: ./Diagrams/PNG/flow.png Graphic file (type png)
<use ./Diagrams/PNG/flow.png>
Package pdftex.def Info: ./Diagrams/PNG/flow.png  used on input line 475.
(pdftex.def)             Requested size: 231.26772pt x 433.6334pt.

Overfull \vbox (2.49998pt too high) has occurred while \output is active []


[21
pdfTeX warning (ext4): destination with the same identifier (name{figure.6.2}) 
has been already used, duplicate ignored
<argument> ...shipout:D \box_use:N \l_shipout_box 
                                                  \__shipout_drop_firstpage_...
l.478 	\newpage
                <./Diagrams/PNG/flow.png>] Excluding 'comment' comment.
Overfull \vbox (2.49998pt too high) has occurred while \output is active []


[22]
Chapter 7.
<./Diagrams/PNG/NavMeshModule.png, id=460, 853.1875pt x 515.9275pt>
File: ./Diagrams/PNG/NavMeshModule.png Graphic file (type png)
<use ./Diagrams/PNG/NavMeshModule.png>
Package pdftex.def Info: ./Diagrams/PNG/NavMeshModule.png  used on input line 5
42.
(pdftex.def)             Requested size: 216.81pt x 131.1071pt.
[23


pdfTeX warning (ext4): destination with the same identifier (name{figure.7.1}) 
has been already used, duplicate ignored
<argument> ...shipout:D \box_use:N \l_shipout_box 
                                                  \__shipout_drop_firstpage_...
l.546 			
          <./Diagrams/PNG/NavMeshModule.png>]
Overfull \vbox (2.49998pt too high) has occurred while \output is active []


[24]
Overfull \vbox (2.49998pt too high) has occurred while \output is active []


[25]
Chapter 8.
\c@num=\count310

Overfull \hbox (3.04482pt too wide) in paragraph at lines 590--590
[]|\OT1/cmr/bx/n/14.4 Sr. 
 []


Overfull \hbox (4.52814pt too wide) in paragraph at lines 590--590
\OT1/cmr/bx/n/14.4 no.| 
 []


Overfull \hbox (3.52203pt too wide) in paragraph at lines 590--590
[]|\OT1/cmr/bx/n/14.4 Verdict| 
 []


Underfull \hbox (badness 1888) in paragraph at lines 595--595
\OT1/cmr/m/n/12 i-tal As-set Ex-change(.dae)
 []


Underfull \hbox (badness 1888) in paragraph at lines 602--602
\OT1/cmr/m/n/12 i-tal As-set Ex-change(.dae)
 []


Underfull \hbox (badness 10000) in paragraph at lines 608--608
[]|\OT1/cmr/m/n/12 NavMesh En-vi-
 []


Underfull \hbox (badness 10000) in paragraph at lines 608--608
\OT1/cmr/m/n/12 ront-ment Setup
 []


Underfull \hbox (badness 7168) in paragraph at lines 610--610
[]|\OT1/cmr/m/n/12 NavMesh pack-age
 []


Underfull \hbox (badness 10000) in paragraph at lines 615--615
[]|\OT1/cmr/m/n/12 NavConnection
 []


Underfull \hbox (badness 1931) in paragraph at lines 615--615
\OT1/cmr/m/n/12 im-ple-men-ta-tion to
 []


Underfull \hbox (badness 10000) in paragraph at lines 615--615
\OT1/cmr/m/n/12 guide ve-hi-cle on
 []


Underfull \hbox (badness 1874) in paragraph at lines 616--616
[]|\OT1/cmr/m/n/12 If Nav-Con-nec-tion mod-ule
 []


Underfull \hbox (badness 2443) in paragraph at lines 616--616
\OT1/cmr/m/n/12 road and in-ter-sec-tions is
 []


Underfull \hbox (badness 10000) in paragraph at lines 617--617
[]|\OT1/cmr/m/n/12 NavConnection
 []


Underfull \hbox (badness 10000) in paragraph at lines 617--617
\OT1/cmr/m/n/12 mod-ule work-ing
 []


Underfull \hbox (badness 1668) in paragraph at lines 623--623
[]|\OT1/cmr/m/n/12 NavSection pre-fabs which
 []


Underfull \hbox (badness 1946) in paragraph at lines 623--623
\OT1/cmr/m/n/12 in sumu-la-tion is work-ing
 []


Underfull \hbox (badness 10000) in paragraph at lines 624--624
[]|\OT1/cmr/m/n/12 NavSections
 []


Underfull \hbox (badness 10000) in paragraph at lines 624--624
\OT1/cmr/m/n/12 preafabs for
 []


Underfull \hbox (badness 10000) in paragraph at lines 624--624
\OT1/cmr/m/n/12 com-mon road
 []


Underfull \hbox (badness 10000) in paragraph at lines 624--624
\OT1/cmr/m/n/12 and in-ter-sec-tions
 []


Underfull \hbox (badness 10000) in paragraph at lines 624--624
\OT1/cmr/m/n/12 work-ing as per
 []


Underfull \hbox (badness 10000) in paragraph at lines 629--629
[]|\OT1/cmr/m/n/12 Vehicle(NavAgent)
 []


Underfull \hbox (badness 10000) in paragraph at lines 630--630
[]|\OT1/cmr/m/n/12 NavAgents/Vehicles have
 []


Overfull \hbox (3.34485pt too wide) in paragraph at lines 631--631
[]|\OT1/cmr/m/n/12 NavAgents/Vehicles
 []


Underfull \hbox (badness 2662) in paragraph at lines 638--638
[]|\OT1/cmr/m/n/12 NavAgents fol-low-
 []


Underfull \hbox (badness 1221) in paragraph at lines 644--644
\OT1/cmr/m/n/12 traf-fic sys-tem core model
 []


Underfull \hbox (badness 5388) in paragraph at lines 644--644
\OT1/cmr/m/n/12 to nav-i-gate traf-fic, also
 []


Underfull \hbox (badness 2626) in paragraph at lines 645--645
\OT1/cmr/m/n/12 ple traf-fic sys-tem
 []


Underfull \hbox (badness 1577) in paragraph at lines 645--645
\OT1/cmr/m/n/12 rel-e-vant ob-ject in
 []


Underfull \hbox (badness 2027) in paragraph at lines 652--652
[]|\OT1/cmr/m/n/12 Map can be cre-
 []


Underfull \hbox (badness 6348) in paragraph at lines 652--652
\OT1/cmr/m/n/12 tion pre-fabs and
 []


Underfull \hbox (badness 6348) in paragraph at lines 652--652
\OT1/cmr/m/n/12 is fol-low-ing traf-
 []


Underfull \hbox (badness 10000) in paragraph at lines 664--664
[]|\OT1/cmr/m/n/12 Junction Ob-serv-
 []


Underfull \hbox (badness 10000) in paragraph at lines 665--665
\OT1/cmr/m/n/12 ule ob-serv-ing junc-tions
 []


Underfull \hbox (badness 10000) in paragraph at lines 665--665
\OT1/cmr/m/n/12 prop-erly and col-lect-ing
 []


Underfull \hbox (badness 4416) in paragraph at lines 665--665
\OT1/cmr/m/n/12 data to for-ward to RL
 []


Underfull \hbox (badness 10000) in paragraph at lines 666--666
[]|\OT1/cmr/m/n/12 Junction Ob-
 []


Underfull \hbox (badness 10000) in paragraph at lines 666--666
\OT1/cmr/m/n/12 serv-able Mod-ule
 []


Underfull \hbox (badness 1533) in paragraph at lines 666--666
\OT1/cmr/m/n/12 ob-serv-ing junc-tion
 []


Underfull \hbox (badness 4634) in paragraph at lines 666--666
\OT1/cmr/m/n/12 prop-erly and en-
 []


Underfull \hbox (badness 3148) in paragraph at lines 666--666
\OT1/cmr/m/n/12 vi-ron-ment as per
 []


Underfull \hbox (badness 10000) in paragraph at lines 666--666
\OT1/cmr/m/n/12 ex-pec-ta-tions and
 []


Underfull \hbox (badness 4316) in paragraph at lines 666--666
\OT1/cmr/m/n/12 ready to for-ward
 []


Underfull \hbox (badness 3417) in paragraph at lines 673--673
[]|\OT1/cmr/m/n/12 RL Agents in-ter-
 []


Underfull \hbox (badness 5359) in paragraph at lines 673--673
\OT1/cmr/m/n/12 and is ready to
 []


Overfull \hbox (17.58693pt too wide) in alignment at lines 589--678
 [] [] [] [] [] 
 []

[26

]
Overfull \vbox (2.49998pt too high) has occurred while \output is active []


[27]
Underfull \hbox (badness 10000) in paragraph at lines 681--682

 []


Overfull \vbox (2.49998pt too high) has occurred while \output is active []


[28]
Overfull \vbox (2.49998pt too high) has occurred while \output is active []


[29]
Chapter 9.
[30

]
Overfull \vbox (2.49998pt too high) has occurred while \output is active []


[31]
Overfull \vbox (2.49998pt too high) has occurred while \output is active []


[32]
Chapter 10.

Underfull \hbox (badness 10000) in paragraph at lines 755--756

 []

[33

]
Chapter 11.
Excluding 'comment' comment. [34

] AED: lastpage setting LastPage [35

]
(Group-2 AITMS Report.aux)

LaTeX Warning: There were multiply-defined labels.

Package rerunfilecheck Info: File `"Group-2 AITMS Report".out' has not changed.

(rerunfilecheck)             Checksum: D9F1010118D24836C460833E999FB1AA;8988.
 ) 
Here is how much of TeX's memory you used:
 19928 strings out of 478582
 383766 string characters out of 2843872
 656659 words of memory out of 3000000
 37641 multiletter control sequences out of 15000+600000
 476775 words of font info for 52 fonts, out of 8000000 for 9000
 1141 hyphenation exceptions out of 8191
 99i,11n,94p,1900b,470s stack positions out of 10000i,1000n,20000p,200000b,80000s
 <C:\Users\bright\AppData\Local\MiKTeX\fonts/pk/ljfour/jknappen/ec/dpi600\tcr
m1440.pk><C:/Users/bright/AppData/Local/Programs/MiKTeX/fonts/type1/public/amsf
onts/cm/cmbx12.pfb><C:/Users/bright/AppData/Local/Programs/MiKTeX/fonts/type1/p
ublic/amsfonts/cm/cmbxti10.pfb><C:/Users/bright/AppData/Local/Programs/MiKTeX/f
onts/type1/public/amsfonts/cm/cmr10.pfb><C:/Users/bright/AppData/Local/Programs
/MiKTeX/fonts/type1/public/amsfonts/cm/cmr12.pfb><C:/Users/bright/AppData/Local
/Programs/MiKTeX/fonts/type1/public/amsfonts/cm/cmsy10.pfb><C:/Users/bright/App
Data/Local/Programs/MiKTeX/fonts/type1/public/amsfonts/cm/cmti12.pfb>
Output written on "Group-2 AITMS Report.pdf" (44 pages, 852177 bytes).
PDF statistics:
 576 PDF objects out of 1000 (max. 8388607)
 117 named destinations out of 1000 (max. 500000)
 469 words of extra memory for PDF output out of 10000 (max. 10000000)

