\BOOKMARK [0][-]{chapter.1}{\376\377\000I\000n\000t\000r\000o\000d\000u\000c\000t\000i\000o\000n}{}% 1
\BOOKMARK [1][-]{section.1.1}{\376\377\000O\000b\000j\000e\000c\000t\000i\000v\000e}{chapter.1}% 2
\BOOKMARK [0][-]{chapter.2}{\376\377\000L\000i\000t\000e\000r\000a\000t\000u\000r\000e\000\040\000S\000u\000r\000v\000e\000y}{}% 3
\BOOKMARK [1][-]{section.2.1}{\376\377\000G\000a\000r\000t\000n\000e\000r\000'\000s\000\040\000R\000e\000p\000o\000r\000t\000\040\0002\0000\0001\0001}{chapter.2}% 4
\BOOKMARK [1][-]{section.2.2}{\376\377\000E\000v\000o\000l\000u\000t\000i\000o\000n\000\040\000t\000o\000w\000a\000r\000d\000s\000\040\000M\000-\000L\000e\000a\000r\000n\000i\000n\000g\000,\000\040\000M\000a\000r\000e\000l\000a\000\040\000A\000n\000d\000r\000e\000s}{chapter.2}% 5
\BOOKMARK [1][-]{section.2.3}{\376\377\000M\000a\000n\000a\000g\000e\000d\000\040\000M\000-\000L\000e\000a\000r\000n\000i\000n\000g\000,\000\040\000G\000r\000e\000g\000\040\000L\000u\000c\000k\000o\000c\000k}{chapter.2}% 6
\BOOKMARK [1][-]{section.2.4}{\376\377\000S\000u\000m\000m\000a\000r\000y}{chapter.2}% 7
\BOOKMARK [0][-]{chapter.3}{\376\377\000P\000r\000o\000b\000l\000e\000m\000\040\000D\000e\000f\000i\000n\000i\000t\000i\000o\000n}{}% 8
\BOOKMARK [1][-]{section.3.1}{\376\377\000S\000u\000m\000m\000a\000r\000y}{chapter.3}% 9
\BOOKMARK [0][-]{chapter.4}{\376\377\000A\000n\000a\000l\000y\000s\000i\000s}{}% 10
\BOOKMARK [1][-]{section.4.1}{\376\377\000P\000r\000o\000j\000e\000c\000t\000\040\000P\000l\000a\000n}{chapter.4}% 11
\BOOKMARK [2][-]{subsection.4.1.1}{\376\377\000P\000r\000o\000j\000e\000c\000t\000\040\000P\000l\000a\000n\000\040\000f\000o\000r\000\040\000s\000e\000m\000e\000s\000t\000e\000r\000\040\000I}{section.4.1}% 12
\BOOKMARK [2][-]{subsection.4.1.2}{\376\377\000P\000r\000o\000j\000e\000c\000t\000\040\000P\000l\000a\000n\000\040\000f\000o\000r\000\040\000s\000e\000m\000e\000s\000t\000e\000r\000\040\000I\000I}{section.4.1}% 13
\BOOKMARK [1][-]{section.4.2}{\376\377\000R\000e\000q\000u\000i\000r\000e\000m\000e\000n\000t\000\040\000A\000n\000a\000l\000y\000s\000i\000s}{chapter.4}% 14
\BOOKMARK [2][-]{subsection.4.2.1}{\376\377\000N\000e\000c\000e\000s\000s\000a\000r\000y\000\040\000F\000u\000n\000c\000t\000i\000o\000n\000s}{section.4.2}% 15
\BOOKMARK [2][-]{subsection.4.2.2}{\376\377\000D\000e\000s\000i\000r\000a\000b\000l\000e\000\040\000F\000u\000n\000c\000t\000i\000o\000n\000s}{section.4.2}% 16
\BOOKMARK [1][-]{section.4.3}{\376\377\000S\000u\000m\000m\000a\000r\000y}{chapter.4}% 17
\BOOKMARK [0][-]{chapter.5}{\376\377\000D\000e\000s\000i\000g\000n}{}% 18
\BOOKMARK [1][-]{section.5.1}{\376\377\000S\000o\000f\000t\000w\000a\000r\000e\000\040\000R\000e\000q\000u\000i\000r\000e\000m\000e\000n\000t\000\040\000S\000p\000e\000c\000i\000f\000i\000c\000a\000t\000i\000o\000n\000s}{chapter.5}% 19
\BOOKMARK [2][-]{subsection.5.1.1}{\376\377\000P\000r\000o\000j\000e\000c\000t\000\040\000S\000c\000o\000p\000e}{section.5.1}% 20
\BOOKMARK [2][-]{subsection.5.1.2}{\376\377\000O\000p\000e\000r\000a\000t\000i\000n\000g\000\040\000E\000n\000v\000i\000r\000o\000n\000m\000e\000n\000t}{section.5.1}% 21
\BOOKMARK [2][-]{subsection.5.1.3}{\376\377\000U\000s\000e\000r\000\040\000C\000l\000a\000s\000s\000e\000s\000\040\000a\000n\000d\000\040\000C\000h\000a\000r\000a\000c\000t\000e\000r\000i\000s\000t\000i\000c\000s}{section.5.1}% 22
\BOOKMARK [2][-]{subsection.5.1.4}{\376\377\000D\000e\000s\000i\000g\000n\000\040\000a\000n\000d\000\040\000I\000m\000p\000l\000e\000m\000e\000n\000t\000a\000t\000i\000o\000n\000\040\000C\000o\000n\000s\000t\000r\000a\000i\000n\000t\000s}{section.5.1}% 23
\BOOKMARK [2][-]{subsection.5.1.5}{\376\377\000A\000s\000s\000u\000m\000p\000t\000i\000o\000n\000s\000\040\000a\000n\000d\000\040\000D\000e\000p\000e\000n\000d\000e\000n\000c\000i\000e\000s}{section.5.1}% 24
\BOOKMARK [1][-]{section.5.2}{\376\377\000S\000y\000s\000t\000e\000m\000\040\000A\000r\000c\000h\000i\000t\000e\000c\000t\000u\000r\000e}{chapter.5}% 25
\BOOKMARK [1][-]{section.5.3}{\376\377\000E\000x\000t\000e\000r\000n\000a\000l\000\040\000I\000n\000t\000e\000r\000f\000a\000c\000e\000\040\000R\000e\000q\000u\000i\000r\000e\000m\000e\000n\000t}{chapter.5}% 26
\BOOKMARK [2][-]{subsection.5.3.1}{\376\377\000U\000s\000e\000r\000\040\000I\000n\000t\000e\000r\000f\000a\000c\000e\000s}{section.5.3}% 27
\BOOKMARK [2][-]{subsection.5.3.2}{\376\377\000H\000a\000r\000d\000w\000a\000r\000e\000\040\000I\000n\000t\000e\000r\000f\000a\000c\000e\000s}{section.5.3}% 28
\BOOKMARK [2][-]{subsection.5.3.3}{\376\377\000C\000o\000m\000m\000u\000n\000i\000c\000a\000t\000i\000o\000n\000\040\000I\000n\000t\000e\000r\000f\000a\000c\000e\000s}{section.5.3}% 29
\BOOKMARK [1][-]{section.5.4}{\376\377\000S\000o\000f\000t\000w\000a\000r\000e\000\040\000S\000y\000s\000t\000e\000m\000\040\000A\000t\000t\000r\000i\000b\000u\000t\000e}{chapter.5}% 30
\BOOKMARK [1][-]{section.5.5}{\376\377\000N\000o\000n\000f\000u\000n\000c\000t\000i\000o\000n\000a\000l\000\040\000R\000e\000q\000u\000i\000r\000e\000m\000e\000n\000t}{chapter.5}% 31
\BOOKMARK [1][-]{section.5.6}{\376\377\000R\000i\000s\000k\000\040\000A\000s\000s\000e\000s\000s\000m\000e\000n\000t}{chapter.5}% 32
\BOOKMARK [1][-]{section.5.7}{\376\377\000D\000a\000t\000a\000\040\000F\000l\000o\000w\000\040\000D\000i\000a\000g\000r\000a\000m}{chapter.5}% 33
\BOOKMARK [1][-]{section.5.8}{\376\377\000S\000u\000m\000m\000a\000r\000y}{chapter.5}% 34
\BOOKMARK [0][-]{chapter.6}{\376\377\000M\000o\000d\000e\000l\000i\000n\000g}{}% 35
\BOOKMARK [1][-]{section.6.1}{\376\377\000U\000s\000e\000\040\000C\000a\000s\000e\000\040\000D\000i\000a\000g\000r\000a\000m}{chapter.6}% 36
\BOOKMARK [1][-]{section.6.2}{\376\377\000C\000l\000a\000s\000s\000\040\000D\000i\000a\000g\000r\000a\000m}{chapter.6}% 37
\BOOKMARK [1][-]{section.6.3}{\376\377\000A\000c\000t\000i\000v\000i\000t\000y\000\040\000D\000i\000a\000g\000r\000a\000m}{chapter.6}% 38
\BOOKMARK [1][-]{section.6.4}{\376\377\000S\000e\000q\000u\000e\000n\000c\000e\000\040\000D\000i\000a\000g\000r\000a\000m}{chapter.6}% 39
\BOOKMARK [1][-]{section.6.5}{\376\377\000P\000a\000c\000k\000a\000g\000e\000\040\000D\000i\000a\000g\000r\000a\000m}{chapter.6}% 40
\BOOKMARK [1][-]{section.6.6}{\376\377\000S\000t\000a\000t\000e\000\040\000M\000a\000c\000h\000i\000n\000e\000\040\000D\000i\000a\000g\000r\000a\000m}{chapter.6}% 41
\BOOKMARK [1][-]{section.6.7}{\376\377\000O\000b\000j\000e\000c\000t\000\040\000D\000i\000a\000g\000r\000a\000m}{chapter.6}% 42
\BOOKMARK [1][-]{section.6.8}{\376\377\000C\000o\000m\000p\000o\000n\000e\000n\000t\000\040\000D\000i\000a\000g\000r\000a\000m}{chapter.6}% 43
\BOOKMARK [1][-]{section.6.9}{\376\377\000D\000e\000p\000l\000o\000y\000m\000e\000n\000t\000\040\000D\000i\000a\000g\000r\000a\000m}{chapter.6}% 44
\BOOKMARK [1][-]{section.6.10}{\376\377\000S\000u\000m\000m\000a\000r\000y}{chapter.6}% 45
\BOOKMARK [0][-]{chapter.7}{\376\377\000I\000m\000p\000l\000e\000m\000e\000n\000t\000a\000t\000i\000o\000n\000\040\000a\000n\000d\000\040\000R\000e\000s\000u\000l\000t\000s}{}% 46
\BOOKMARK [1][-]{section.7.1}{\376\377\000I\000m\000p\000l\000e\000m\000e\000n\000t\000a\000t\000i\000o\000n\000\040\000D\000e\000t\000a\000i\000l\000s}{chapter.7}% 47
\BOOKMARK [1][-]{section.7.2}{\376\377\000R\000e\000s\000u\000l\000t\000s}{chapter.7}% 48
\BOOKMARK [1][-]{section.7.3}{\376\377\000S\000u\000m\000m\000a\000r\000y}{chapter.7}% 49
\BOOKMARK [0][-]{chapter.8}{\376\377\000T\000e\000s\000t\000i\000n\000g}{}% 50
\BOOKMARK [1][-]{section.8.1}{\376\377\000F\000o\000r\000m\000a\000l\000\040\000T\000e\000c\000h\000n\000i\000c\000a\000l\000\040\000R\000e\000v\000i\000e\000w}{chapter.8}% 51
\BOOKMARK [1][-]{section.8.2}{\376\377\000T\000e\000s\000t\000\040\000P\000l\000a\000n}{chapter.8}% 52
\BOOKMARK [1][-]{section.8.3}{\376\377\000S\000u\000m\000m\000a\000r\000y}{chapter.8}% 53
\BOOKMARK [0][-]{chapter.9}{\376\377\000T\000e\000c\000h\000n\000i\000c\000a\000l\000\040\000S\000p\000e\000c\000i\000f\000i\000c\000a\000t\000i\000o\000n\000s}{}% 54
\BOOKMARK [1][-]{section.9.1}{\376\377\000A\000d\000v\000a\000n\000t\000a\000g\000e\000s}{chapter.9}% 55
\BOOKMARK [1][-]{section.9.2}{\376\377\000L\000i\000m\000i\000t\000a\000t\000i\000o\000n\000s}{chapter.9}% 56
\BOOKMARK [1][-]{section.9.3}{\376\377\000A\000p\000p\000l\000i\000c\000a\000t\000i\000o\000n\000s}{chapter.9}% 57
\BOOKMARK [2][-]{subsection.9.3.1}{\376\377\000H\000a\000r\000d\000w\000a\000r\000e\000\040\000R\000e\000q\000u\000i\000r\000e\000m\000e\000n\000t\000s}{section.9.3}% 58
\BOOKMARK [2][-]{subsection.9.3.2}{\376\377\000S\000o\000f\000t\000w\000a\000r\000e\000\040\000R\000e\000q\000u\000i\000r\000e\000m\000e\000n\000t\000s}{section.9.3}% 59
\BOOKMARK [1][-]{section.9.4}{\376\377\000S\000u\000m\000m\000a\000r\000y}{chapter.9}% 60
\BOOKMARK [0][-]{chapter.10}{\376\377\000F\000u\000t\000u\000r\000e\000\040\000S\000c\000o\000p\000e\000\040\000i\000f\000\040\000a\000n\000y}{}% 61
\BOOKMARK [0][-]{chapter.11}{\376\377\000C\000o\000n\000c\000l\000u\000s\000i\000o\000n}{}% 62
\BOOKMARK [-1][-]{chapter.11}{\376\377\000A\000p\000p\000e\000n\000d\000i\000x}{}% 63
\BOOKMARK [0][-]{appendix.A}{\376\377\000G\000l\000o\000s\000s\000a\000r\000y}{chapter.11}% 64
\BOOKMARK [0][-]{appendix.B}{\376\377\000A\000c\000h\000i\000e\000v\000e\000m\000e\000n\000t\000s}{chapter.11}% 65
\BOOKMARK [0][-]{appendix.B}{\376\377\000B\000i\000b\000l\000i\000o\000g\000r\000a\000p\000h\000y}{chapter.11}% 66
